02.05.19 11:20:24 OP: Receiving data sucessfull
02.05.19 11:20:24 Receiving code: 0x1
02.05.19 11:20:24 OP: Receiving data
02.05.19 11:20:24 OP: Receiving data sucessfull
02.05.19 11:20:24 Sending data: "C51,1,512,2,32,16,0.000000,10.000000,0"
02.05.19 11:20:24 OP: Sending data
02.05.19 11:20:24 OP: Sending data sucessfull
02.05.19 11:20:24 OP: Receiving data
02.05.19 11:20:24 OP: Receiving data sucessfull
02.05.19 11:20:24 Receiving code: 0x1
02.05.19 11:20:24 OP: Receiving data
02.05.19 11:20:24 OP: Receiving data sucessfull
02.05.19 11:20:24 Sending data: "C51,1,512,2,32,16,0.000000,10.000000,0"
02.05.19 11:20:24 OP: Sending data
02.05.19 11:20:24 OP: Sending data sucessfull
02.05.19 11:20:24 OP: Receiving data
02.05.19 11:20:24 OP: Receiving data sucessfull
02.05.19 11:20:24 Receiving code: 0x1
02.05.19 11:20:24 OP: Receiving data
02.05.19 11:20:24 OP: Receiving data sucessfull
02.05.19 11:20:24 Sending data: "C51,1,512,2,32,16,0.000000,10.000000,0"
02.05.19 11:20:24 OP: Sending data
02.05.19 11:20:24 OP: Sending data sucessfull
02.05.19 11:20:24 OP: Receiving data
02.05.19 11:20:24 OP: Receiving data sucessfull
02.05.19 11:20:24 Receiving code: 0x1
02.05.19 11:20:24 OP: Receiving data
02.05.19 11:20:24 OP: Receiving data sucessfull
02.05.19 11:20:24 Sending data: "C51,1,512,2,32,16,0.000000,10.000000,0"
02.05.19 11:20:24 OP: Sending data
02.05.19 11:20:24 OP: Sending data sucessfull
02.05.19 11:20:24 OP: Receiving data
02.05.19 11:20:24 OP: Receiving data sucessfull
02.05.19 11:20:24 Receiving code: 0x1
02.05.19 11:20:24 OP: Receiving data
02.05.19 11:20:24 OP: Receiving data sucessfull
02.05.19 11:20:24 Sending data: "C51,1,512,2,32,16,0.000000,10.000000,0"
02.05.19 11:20:24 OP: Sending data
02.05.19 11:20:24 OP: Sending data sucessfull
02.05.19 11:20:24 OP: Receiving data
02.05.19 11:20:24 OP: Receiving data sucessfull
02.05.19 11:20:24 Receiving code: 0x1
02.05.19 11:20:24 OP: Receiving data
02.05.19 11:20:24 OP: Receiving data sucessfull
02.05.19 11:20:24 Sending data: "C51,1,512,2,32,16,0.000000,10.000000,0"
02.05.19 11:20:24 OP: Sending data
02.05.19 11:20:24 OP: Sending data sucessfull
02.05.19 11:20:24 OP: Receiving data
02.05.19 11:20:24 OP: Receiving data sucessfull
02.05.19 11:20:24 Receiving code: 0x1
02.05.19 11:20:24 OP: Receiving data
02.05.19 11:20:24 OP: Receiving data sucessfull
02.05.19 11:20:24 Sending data: "C51,1,512,2,32,16,0.000000,10.000000,0"
02.05.19 11:20:24 OP: Sending data
02.05.19 11:20:24 OP: Sending data sucessfull
02.05.19 11:20:24 OP: Receiving data
02.05.19 11:20:24 OP: Receiving data sucessfull
02.05.19 11:20:24 Receiving code: 0x1
02.05.19 11:20:24 OP: Receiving data
02.05.19 11:20:24 OP: Receiving data sucessfull
02.05.19 11:20:24 Sending data: "C51,1,512,2,32,16,0.000000,10.000000,0"
02.05.19 11:20:24 OP: Sending data
02.05.19 11:20:24 OP: Sending data sucessfull
02.05.19 11:20:24 OP: Receiving data
02.05.19 11:20:24 OP: Receiving data sucessfull
02.05.19 11:20:24 Receiving code: 0x1
02.05.19 11:20:24 OP: Receiving data
02.05.19 11:20:24 OP: Receiving data sucessfull
02.05.19 11:20:24 Sending data: "C51,1,512,2,32,16,0.000000,10.000000,0"
02.05.19 11:20:24 OP: Sending data
02.05.19 11:20:24 OP: Sending data sucessfull
02.05.19 11:20:24 OP: Receiving data
02.05.19 11:20:24 OP: Receiving data sucessfull
02.05.19 11:20:24 Receiving code: 0x1
02.05.19 11:20:24 OP: Receiving data
02.05.19 11:20:24 OP: Receiving data sucessfull
02.05.19 11:20:24 Sending data: "C51,1,512,2,32,16,0.000000,10.000000,0"
02.05.19 11:20:24 OP: Sending data
02.05.19 11:20:24 OP: Sending data sucessfull
02.05.19 11:20:24 OP: Receiving data
02.05.19 11:20:24 OP: Receiving data sucessfull
02.05.19 11:20:24 Receiving code: 0x1
02.05.19 11:20:24 OP: Receiving data
02.05.19 11:20:24 OP: Receiving data sucessfull
02.05.19 11:20:24 Sending data: "C51,1,512,2,32,16,0.000000,10.000000,0"
02.05.19 11:20:24 OP: Sending data
02.05.19 11:20:24 OP: Sending data sucessfull
02.05.19 11:20:24 OP: Receiving data
02.05.19 11:20:24 OP: Receiving data sucessfull
02.05.19 11:20:24 Receiving code: 0x1
02.05.19 11:20:24 OP: Receiving data
02.05.19 11:20:24 OP: Receiving data sucessfull
02.05.19 11:20:24 Sending data: "C51,1,512,2,32,16,0.000000,10.000000,0"
02.05.19 11:20:24 OP: Sending data
02.05.19 11:20:24 OP: Sending data sucessfull
02.05.19 11:20:24 OP: Receiving data
02.05.19 11:20:24 OP: Receiving data sucessfull
02.05.19 11:20:24 Receiving code: 0x1
02.05.19 11:20:24 OP: Receiving data
02.05.19 11:20:24 OP: Receiving data sucessfull
02.05.19 11:20:24 Sending data: "C51,1,512,2,32,16,0.000000,10.000000,0"
02.05.19 11:20:24 OP: Sending data
02.05.19 11:20:24 OP: Sending data sucessfull
02.05.19 11:20:24 OP: Receiving data
02.05.19 11:20:24 OP: Receiving data sucessfull
02.05.19 11:20:24 Receiving code: 0x1
02.05.19 11:20:24 OP: Receiving data
02.05.19 11:20:24 OP: Receiving data sucessfull
02.05.19 11:20:24 Sending data: "C51,1,512,2,32,16,0.000000,10.000000,0"
02.05.19 11:20:24 OP: Sending data
02.05.19 11:20:24 OP: Sending data sucessfull
02.05.19 11:20:24 OP: Receiving data
02.05.19 11:20:24 OP: Receiving data sucessfull
02.05.19 11:20:24 Receiving code: 0x1
02.05.19 11:20:24 OP: Receiving data
02.05.19 11:20:24 OP: Receiving data sucessfull
02.05.19 11:20:24 Sending data: "C51,1,512,2,32,16,0.000000,10.000000,0"
02.05.19 11:20:24 OP: Sending data
02.05.19 11:20:24 OP: Sending data sucessfull
02.05.19 11:20:24 OP: Receiving data
02.05.19 11:20:24 OP: Receiving data sucessfull
02.05.19 11:20:24 Receiving code: 0x1
02.05.19 11:20:24 OP: Receiving data
02.05.19 11:20:24 OP: Receiving data sucessfull
02.05.19 11:20:24 Sending data: "C51,1,512,2,32,16,0.000000,10.000000,0"
02.05.19 11:20:24 OP: Sending data
02.05.19 11:20:24 OP: Sending data sucessfull
02.05.19 11:20:24 OP: Receiving data
02.05.19 11:20:24 OP: Receiving data sucessfull
02.05.19 11:20:24 Receiving code: 0x1
02.05.19 11:20:24 OP: Receiving data
02.05.19 11:20:24 OP: Receiving data sucessfull
02.05.19 11:20:24 Sending data: "C51,1,512,2,32,16,0.000000,10.000000,0"
02.05.19 11:20:24 OP: Sending data
02.05.19 11:20:24 OP: Sending data sucessfull
02.05.19 11:20:24 OP: Receiving data
02.05.19 11:20:24 OP: Receiving data sucessfull
02.05.19 11:20:24 Receiving code: 0x1
02.05.19 11:20:24 OP: Receiving data
02.05.19 11:20:24 OP: Receiving data sucessfull
02.05.19 11:20:24 Sending data: "C51,1,512,2,32,16,0.000000,10.000000,0"
02.05.19 11:20:24 OP: Sending data
02.05.19 11:20:24 OP: Sending data sucessfull
02.05.19 11:20:24 OP: Receiving data
02.05.19 11:20:24 OP: Receiving data sucessfull
02.05.19 11:20:24 Receiving code: 0x1
02.05.19 11:20:24 OP: Receiving data
02.05.19 11:20:24 OP: Receiving data sucessfull
02.05.19 11:20:24 Sending data: "C51,1,512,2,32,16,0.000000,10.000000,0"
02.05.19 11:20:24 OP: Sending data
02.05.19 11:20:24 OP: Sending data sucessfull
02.05.19 11:20:24 OP: Receiving data
02.05.19 11:20:24 OP: Receiving data sucessfull
02.05.19 11:20:24 Receiving code: 0x1
02.05.19 11:20:24 OP: Receiving data
02.05.19 11:20:24 OP: Receiving data sucessfull
02.05.19 11:20:24 Sending data: "C51,1,512,2,32,16,0.000000,10.000000,0"
02.05.19 11:20:24 OP: Sending data
02.05.19 11:20:24 OP: Sending data sucessfull
02.05.19 11:20:24 OP: Receiving data
02.05.19 11:20:24 OP: Receiving data sucessfull
02.05.19 11:20:24 Receiving code: 0x1
02.05.19 11:20:24 OP: Receiving data
02.05.19 11:20:24 OP: Receiving data sucessfull
02.05.19 11:20:24 Sending data: "C51,1,512,2,32,16,0.000000,10.000000,0"
02.05.19 11:20:24 OP: Sending data
02.05.19 11:20:24 OP: Sending data sucessfull
02.05.19 11:20:24 OP: Receiving data
02.05.19 11:20:24 OP: Receiving data sucessfull
02.05.19 11:20:24 Receiving code: 0x1
02.05.19 11:20:24 OP: Receiving data
02.05.19 11:20:24 OP: Receiving data sucessfull
02.05.19 11:20:25 Sending data: "C51,1,512,2,32,16,0.000000,10.000000,0"
02.05.19 11:20:25 OP: Sending data
02.05.19 11:20:25 OP: Sending data sucessfull
02.05.19 11:20:25 OP: Receiving data
02.05.19 11:20:25 OP: Receiving data sucessfull
02.05.19 11:20:25 Receiving code: 0x1
02.05.19 11:20:25 OP: Receiving data
02.05.19 11:20:25 OP: Receiving data sucessfull
02.05.19 11:20:25 Sending data: "C51,1,512,2,32,16,0.000000,10.000000,0"
02.05.19 11:20:25 OP: Sending data
02.05.19 11:20:25 OP: Sending data sucessfull
02.05.19 11:20:25 OP: Receiving data
02.05.19 11:20:25 OP: Receiving data sucessfull
02.05.19 11:20:25 Receiving code: 0x1
02.05.19 11:20:25 OP: Receiving data
02.05.19 11:20:25 OP: Receiving data sucessfull
02.05.19 11:20:25 Sending data: "C51,1,512,2,32,16,0.000000,10.000000,0"
02.05.19 11:20:25 OP: Sending data
02.05.19 11:20:25 OP: Sending data sucessfull
02.05.19 11:20:25 OP: Receiving data
02.05.19 11:20:25 OP: Receiving data sucessfull
02.05.19 11:20:25 Receiving code: 0x1
02.05.19 11:20:25 OP: Receiving data
02.05.19 11:20:25 OP: Receiving data sucessfull
02.05.19 11:20:25 Sending data: "C51,1,512,2,32,16,0.000000,10.000000,0"
02.05.19 11:20:25 OP: Sending data
02.05.19 11:20:25 OP: Sending data sucessfull
02.05.19 11:20:25 OP: Receiving data
02.05.19 11:20:25 OP: Receiving data sucessfull
02.05.19 11:20:25 Receiving code: 0x1
02.05.19 11:20:25 OP: Receiving data
02.05.19 11:20:25 OP: Receiving data sucessfull
02.05.19 11:20:25 Sending data: "C51,1,512,2,32,16,0.000000,10.000000,0"
02.05.19 11:20:25 OP: Sending data
02.05.19 11:20:25 OP: Sending data sucessfull
02.05.19 11:20:25 OP: Receiving data
02.05.19 11:20:25 OP: Receiving data sucessfull
02.05.19 11:20:25 Receiving code: 0x1
02.05.19 11:20:25 OP: Receiving data
02.05.19 11:20:25 OP: Receiving data sucessfull
02.05.19 11:20:25 Sending data: "C51,1,512,2,32,16,0.000000,10.000000,0"
02.05.19 11:20:25 OP: Sending data
02.05.19 11:20:25 OP: Sending data sucessfull
02.05.19 11:20:25 OP: Receiving data
02.05.19 11:20:25 OP: Receiving data sucessfull
02.05.19 11:20:25 Receiving code: 0x1
02.05.19 11:20:25 OP: Receiving data
02.05.19 11:20:25 OP: Receiving data sucessfull
02.05.19 11:20:25 Sending data: "C51,1,512,2,32,16,0.000000,10.000000,0"
02.05.19 11:20:25 OP: Sending data
02.05.19 11:20:25 OP: Sending data sucessfull
02.05.19 11:20:25 OP: Receiving data
02.05.19 11:20:25 OP: Receiving data sucessfull
02.05.19 11:20:25 Receiving code: 0x1
02.05.19 11:20:25 OP: Receiving data
02.05.19 11:20:25 OP: Receiving data sucessfull
02.05.19 11:20:25 Sending data: "C51,1,512,2,32,16,0.000000,10.000000,0"
02.05.19 11:20:25 OP: Sending data
02.05.19 11:20:25 OP: Sending data sucessfull
02.05.19 11:20:25 OP: Receiving data
02.05.19 11:20:25 OP: Receiving data sucessfull
02.05.19 11:20:25 Receiving code: 0x1
02.05.19 11:20:25 OP: Receiving data
02.05.19 11:20:25 OP: Receiving data sucessfull
02.05.19 11:20:25 Sending data: "C51,1,512,2,32,16,0.000000,10.000000,0"
02.05.19 11:20:25 OP: Sending data
02.05.19 11:20:25 OP: Sending data sucessfull
02.05.19 11:20:25 OP: Receiving data
02.05.19 11:20:25 OP: Receiving data sucessfull
02.05.19 11:20:25 Receiving code: 0x1
02.05.19 11:20:25 OP: Receiving data
02.05.19 11:20:25 OP: Receiving data sucessfull
02.05.19 11:20:25 Sending data: "C51,1,512,2,32,16,0.000000,10.000000,0"
02.05.19 11:20:25 OP: Sending data
02.05.19 11:20:25 OP: Sending data sucessfull
02.05.19 11:20:25 OP: Receiving data
02.05.19 11:20:25 OP: Receiving data sucessfull
02.05.19 11:20:25 Receiving code: 0x1
02.05.19 11:20:25 OP: Receiving data
02.05.19 11:20:25 OP: Receiving data sucessfull
02.05.19 11:20:25 Sending data: "C51,1,512,2,32,16,0.000000,10.000000,0"
02.05.19 11:20:25 OP: Sending data
02.05.19 11:20:25 OP: Sending data sucessfull
02.05.19 11:20:25 OP: Receiving data
02.05.19 11:20:25 OP: Receiving data sucessfull
02.05.19 11:20:25 Receiving code: 0x1
02.05.19 11:20:25 OP: Receiving data
02.05.19 11:20:25 OP: Receiving data sucessfull
02.05.19 11:20:25 Sending data: "C51,1,512,2,32,16,0.000000,10.000000,0"
02.05.19 11:20:25 OP: Sending data
02.05.19 11:20:25 OP: Sending data sucessfull
02.05.19 11:20:25 OP: Receiving data
02.05.19 11:20:25 OP: Receiving data sucessfull
02.05.19 11:20:25 Receiving code: 0x1
02.05.19 11:20:25 OP: Receiving data
02.05.19 11:20:25 OP: Receiving data sucessfull
02.05.19 11:20:25 Sending data: "C51,1,512,2,32,16,0.000000,10.000000,0"
02.05.19 11:20:25 OP: Sending data
02.05.19 11:20:25 OP: Sending data sucessfull
02.05.19 11:20:25 OP: Receiving data
02.05.19 11:20:25 OP: Receiving data sucessfull
02.05.19 11:20:25 Receiving code: 0x1
02.05.19 11:20:25 OP: Receiving data
02.05.19 11:20:25 OP: Receiving data sucessfull
02.05.19 11:20:25 Sending data: "C51,1,512,2,32,16,0.000000,10.000000,0"
02.05.19 11:20:25 OP: Sending data
02.05.19 11:20:25 OP: Sending data sucessfull
02.05.19 11:20:25 OP: Receiving data
02.05.19 11:20:25 OP: Receiving data sucessfull
02.05.19 11:20:25 Receiving code: 0x1
02.05.19 11:20:25 OP: Receiving data
02.05.19 11:20:25 OP: Receiving data sucessfull
02.05.19 11:20:25 Sending data: "C51,1,512,2,32,16,0.000000,10.000000,0"
02.05.19 11:20:25 OP: Sending data
02.05.19 11:20:25 OP: Sending data sucessfull
02.05.19 11:20:25 OP: Receiving data
02.05.19 11:20:25 OP: Receiving data sucessfull
02.05.19 11:20:25 Receiving code: 0x1
02.05.19 11:20:25 OP: Receiving data
02.05.19 11:20:25 OP: Receiving data sucessfull
02.05.19 11:20:25 Sending data: "C51,1,512,2,32,16,0.000000,10.000000,0"
02.05.19 11:20:25 OP: Sending data
02.05.19 11:20:25 OP: Sending data sucessfull
02.05.19 11:20:25 OP: Receiving data
02.05.19 11:20:25 OP: Receiving data sucessfull
02.05.19 11:20:25 Receiving code: 0x1
02.05.19 11:20:25 OP: Receiving data
02.05.19 11:20:25 OP: Receiving data sucessfull
02.05.19 11:20:25 Sending data: "C51,1,512,2,32,16,0.000000,10.000000,0"
02.05.19 11:20:25 OP: Sending data
02.05.19 11:20:25 OP: Sending data sucessfull
02.05.19 11:20:25 OP: Receiving data
02.05.19 11:20:25 OP: Receiving data sucessfull
02.05.19 11:20:25 Receiving code: 0x1
02.05.19 11:20:25 OP: Receiving data
02.05.19 11:20:25 OP: Receiving data sucessfull
02.05.19 11:20:25 Sending data: "C51,1,512,2,32,16,0.000000,10.000000,0"
02.05.19 11:20:25 OP: Sending data
02.05.19 11:20:25 OP: Sending data sucessfull
02.05.19 11:20:25 OP: Receiving data
02.05.19 11:20:25 OP: Receiving data sucessfull
02.05.19 11:20:25 Receiving code: 0x1
02.05.19 11:20:25 OP: Receiving data
02.05.19 11:20:25 OP: Receiving data sucessfull
02.05.19 11:20:25 Sending data: "C51,1,512,2,32,16,0.000000,10.000000,0"
02.05.19 11:20:25 OP: Sending data
02.05.19 11:20:25 OP: Sending data sucessfull
02.05.19 11:20:25 OP: Receiving data
02.05.19 11:20:25 OP: Receiving data sucessfull
02.05.19 11:20:25 Receiving code: 0x1
02.05.19 11:20:25 OP: Receiving data
02.05.19 11:20:25 OP: Receiving data sucessfull
02.05.19 11:20:25 Sending data: "C51,1,512,2,32,16,0.000000,10.000000,0"
02.05.19 11:20:25 OP: Sending data
02.05.19 11:20:25 OP: Sending data sucessfull
02.05.19 11:20:25 OP: Receiving data
02.05.19 11:20:25 OP: Receiving data sucessfull
02.05.19 11:20:25 Receiving code: 0x1
02.05.19 11:20:25 OP: Receiving data
02.05.19 11:20:25 OP: Receiving data sucessfull
02.05.19 11:20:25 Sending data: "C51,1,512,2,32,16,0.000000,10.000000,0"
02.05.19 11:20:25 OP: Sending data
02.05.19 11:20:25 OP: Sending data sucessfull
02.05.19 11:20:25 OP: Receiving data
02.05.19 11:20:25 OP: Receiving data sucessfull
02.05.19 11:20:25 Receiving code: 0x1
02.05.19 11:20:25 OP: Receiving data
02.05.19 11:20:25 OP: Receiving data sucessfull
02.05.19 11:20:25 Sending data: "C51,1,512,2,32,16,0.000000,10.000000,0"
02.05.19 11:20:25 OP: Sending data
02.05.19 11:20:25 OP: Sending data sucessfull
02.05.19 11:20:25 OP: Receiving data
02.05.19 11:20:25 OP: Receiving data sucessfull
02.05.19 11:20:25 Receiving code: 0x1
02.05.19 11:20:25 OP: Receiving data
02.05.19 11:20:25 OP: Receiving data sucessfull
02.05.19 11:20:25 Sending data: "C51,1,512,2,32,16,0.000000,10.000000,0"
02.05.19 11:20:25 OP: Sending data
02.05.19 11:20:25 OP: Sending data sucessfull
02.05.19 11:20:25 OP: Receiving data
02.05.19 11:20:25 OP: Receiving data sucessfull
02.05.19 11:20:25 Receiving code: 0x1
02.05.19 11:20:25 OP: Receiving data
02.05.19 11:20:25 OP: Receiving data sucessfull
02.05.19 11:20:25 Sending data: "C51,1,512,2,32,16,0.000000,10.000000,0"
02.05.19 11:20:25 OP: Sending data
02.05.19 11:20:25 OP: Sending data sucessfull
02.05.19 11:20:25 OP: Receiving data
02.05.19 11:20:25 OP: Receiving data sucessfull
02.05.19 11:20:25 Receiving code: 0x1
02.05.19 11:20:25 OP: Receiving data
02.05.19 11:20:25 OP: Receiving data sucessfull
02.05.19 11:20:25 Sending data: "C51,1,512,2,32,16,0.000000,10.000000,0"
02.05.19 11:20:25 OP: Sending data
02.05.19 11:20:25 OP: Sending data sucessfull
02.05.19 11:20:25 OP: Receiving data
02.05.19 11:20:25 OP: Receiving data sucessfull
02.05.19 11:20:25 Receiving code: 0x1
02.05.19 11:20:25 OP: Receiving data
02.05.19 11:20:25 OP: Receiving data sucessfull
02.05.19 11:20:25 Sending data: "C51,1,512,2,32,16,0.000000,10.000000,0"
02.05.19 11:20:25 OP: Sending data
02.05.19 11:20:25 OP: Sending data sucessfull
02.05.19 11:20:25 OP: Receiving data
02.05.19 11:20:25 OP: Receiving data sucessfull
02.05.19 11:20:25 Receiving code: 0x1
02.05.19 11:20:25 OP: Receiving data
02.05.19 11:20:25 OP: Receiving data sucessfull
02.05.19 11:20:25 Sending data: "C51,1,512,2,32,16,0.000000,10.000000,0"
02.05.19 11:20:25 OP: Sending data
02.05.19 11:20:25 OP: Sending data sucessfull
02.05.19 11:20:25 OP: Receiving data
02.05.19 11:20:25 OP: Receiving data sucessfull
02.05.19 11:20:25 Receiving code: 0x1
02.05.19 11:20:25 OP: Receiving data
02.05.19 11:20:25 OP: Receiving data sucessfull
02.05.19 11:20:25 Sending data: "C51,1,512,2,32,16,0.000000,10.000000,0"
02.05.19 11:20:25 OP: Sending data
02.05.19 11:20:25 OP: Sending data sucessfull
02.05.19 11:20:25 OP: Receiving data
02.05.19 11:20:25 OP: Receiving data sucessfull
02.05.19 11:20:25 Receiving code: 0x1
02.05.19 11:20:25 OP: Receiving data
02.05.19 11:20:25 OP: Receiving data sucessfull
02.05.19 11:20:25 Sending data: "C51,1,512,2,32,16,0.000000,10.000000,0"
02.05.19 11:20:25 OP: Sending data
02.05.19 11:20:25 OP: Sending data sucessfull
02.05.19 11:20:25 OP: Receiving data
02.05.19 11:20:25 OP: Receiving data sucessfull
02.05.19 11:20:25 Receiving code: 0x1
02.05.19 11:20:25 OP: Receiving data
02.05.19 11:20:25 OP: Receiving data sucessfull
02.05.19 11:20:25 Sending data: "C51,1,512,2,32,16,0.000000,10.000000,0"
02.05.19 11:20:25 OP: Sending data
02.05.19 11:20:25 OP: Sending data sucessfull
02.05.19 11:20:25 OP: Receiving data
02.05.19 11:20:25 OP: Receiving data sucessfull
02.05.19 11:20:25 Receiving code: 0x1
02.05.19 11:20:25 OP: Receiving data
02.05.19 11:20:25 OP: Receiving data sucessfull
02.05.19 11:20:25 Sending data: "C51,1,512,2,32,16,0.000000,10.000000,0"
02.05.19 11:20:25 OP: Sending data
02.05.19 11:20:25 OP: Sending data sucessfull
02.05.19 11:20:25 OP: Receiving data
02.05.19 11:20:25 OP: Receiving data sucessfull
02.05.19 11:20:25 Receiving code: 0x1
02.05.19 11:20:25 OP: Receiving data
02.05.19 11:20:25 OP: Receiving data sucessfull
02.05.19 11:20:25 Sending data: "C51,1,512,2,32,16,0.000000,10.000000,0"
02.05.19 11:20:25 OP: Sending data
02.05.19 11:20:25 OP: Sending data sucessfull
02.05.19 11:20:25 OP: Receiving data
02.05.19 11:20:25 OP: Receiving data sucessfull
02.05.19 11:20:25 Receiving code: 0x1
02.05.19 11:20:25 OP: Receiving data
02.05.19 11:20:25 OP: Receiving data sucessfull
02.05.19 11:20:26 Sending data: "C51,1,512,2,32,16,0.000000,10.000000,0"
02.05.19 11:20:26 OP: Sending data
02.05.19 11:20:26 OP: Sending data sucessfull
02.05.19 11:20:26 OP: Receiving data
02.05.19 11:20:26 OP: Receiving data sucessfull
02.05.19 11:20:26 Receiving code: 0x1
02.05.19 11:20:26 OP: Receiving data
02.05.19 11:20:26 OP: Receiving data sucessfull
02.05.19 11:20:26 Sending data: "C51,1,512,2,32,16,0.000000,10.000000,0"
02.05.19 11:20:26 OP: Sending data
02.05.19 11:20:26 OP: Sending data sucessfull
02.05.19 11:20:26 OP: Receiving data
02.05.19 11:20:26 OP: Receiving data sucessfull
02.05.19 11:20:26 Receiving code: 0x1
02.05.19 11:20:26 OP: Receiving data
02.05.19 11:20:26 OP: Receiving data sucessfull
02.05.19 11:20:26 Sending data: "C51,1,512,2,32,16,0.000000,10.000000,0"
02.05.19 11:20:26 OP: Sending data
02.05.19 11:20:26 OP: Sending data sucessfull
02.05.19 11:20:26 OP: Receiving data
02.05.19 11:20:26 OP: Receiving data sucessfull
02.05.19 11:20:26 Receiving code: 0x1
02.05.19 11:20:26 OP: Receiving data
02.05.19 11:20:26 OP: Receiving data sucessfull
02.05.19 11:20:26 Sending data: "C51,1,512,2,32,16,0.000000,10.000000,0"
02.05.19 11:20:26 OP: Sending data
02.05.19 11:20:26 OP: Sending data sucessfull
02.05.19 11:20:26 OP: Receiving data
02.05.19 11:20:26 OP: Receiving data sucessfull
02.05.19 11:20:26 Receiving code: 0x1
02.05.19 11:20:26 OP: Receiving data
02.05.19 11:20:26 OP: Receiving data sucessfull
02.05.19 11:20:26 Sending data: "C51,1,512,2,32,16,0.000000,10.000000,0"
02.05.19 11:20:26 OP: Sending data
02.05.19 11:20:26 OP: Sending data sucessfull
02.05.19 11:20:26 OP: Receiving data
02.05.19 11:20:26 OP: Receiving data sucessfull
02.05.19 11:20:26 Receiving code: 0x1
02.05.19 11:20:26 OP: Receiving data
02.05.19 11:20:26 OP: Receiving data sucessfull
02.05.19 11:20:26 Sending data: "C51,1,512,2,32,16,0.000000,10.000000,0"
02.05.19 11:20:26 OP: Sending data
02.05.19 11:20:26 OP: Sending data sucessfull
02.05.19 11:20:26 OP: Receiving data
02.05.19 11:20:26 OP: Receiving data sucessfull
02.05.19 11:20:26 Receiving code: 0x1
02.05.19 11:20:26 OP: Receiving data
02.05.19 11:20:26 OP: Receiving data sucessfull
02.05.19 11:20:26 Sending data: "C51,1,512,2,32,16,0.000000,10.000000,0"
02.05.19 11:20:26 OP: Sending data
02.05.19 11:20:26 OP: Sending data sucessfull
02.05.19 11:20:26 OP: Receiving data
02.05.19 11:20:26 OP: Receiving data sucessfull
02.05.19 11:20:26 Receiving code: 0x1
02.05.19 11:20:26 OP: Receiving data
02.05.19 11:20:26 OP: Receiving data sucessfull
02.05.19 11:20:26 Sending data: "C51,1,512,2,32,16,0.000000,10.000000,0"
02.05.19 11:20:26 OP: Sending data
02.05.19 11:20:26 OP: Sending data sucessfull
02.05.19 11:20:26 OP: Receiving data
02.05.19 11:20:26 OP: Receiving data sucessfull
02.05.19 11:20:26 Receiving code: 0x1
02.05.19 11:20:26 OP: Receiving data
02.05.19 11:20:26 OP: Receiving data sucessfull
02.05.19 11:20:26 Sending data: "C51,1,512,2,32,16,0.000000,10.000000,0"
02.05.19 11:20:26 OP: Sending data
02.05.19 11:20:26 OP: Sending data sucessfull
02.05.19 11:20:26 OP: Receiving data
02.05.19 11:20:26 OP: Receiving data sucessfull
02.05.19 11:20:26 Receiving code: 0x1
02.05.19 11:20:26 OP: Receiving data
02.05.19 11:20:26 OP: Receiving data sucessfull
02.05.19 11:20:26 Sending data: "C51,1,512,2,32,16,0.000000,10.000000,0"
02.05.19 11:20:26 OP: Sending data
02.05.19 11:20:26 OP: Sending data sucessfull
02.05.19 11:20:26 OP: Receiving data
02.05.19 11:20:26 OP: Receiving data sucessfull
02.05.19 11:20:26 Receiving code: 0x1
02.05.19 11:20:26 OP: Receiving data
02.05.19 11:20:26 OP: Receiving data sucessfull
02.05.19 11:20:26 Sending data: "C51,1,512,2,32,16,0.000000,10.000000,0"
02.05.19 11:20:26 OP: Sending data
02.05.19 11:20:26 OP: Sending data sucessfull
02.05.19 11:20:26 OP: Receiving data
02.05.19 11:20:26 OP: Receiving data sucessfull
02.05.19 11:20:26 Receiving code: 0x1
02.05.19 11:20:26 OP: Receiving data
02.05.19 11:20:26 OP: Receiving data sucessfull
02.05.19 11:20:26 Sending data: "C51,1,512,2,32,16,0.000000,10.000000,0"
02.05.19 11:20:26 OP: Sending data
02.05.19 11:20:26 OP: Sending data sucessfull
02.05.19 11:20:26 OP: Receiving data
02.05.19 11:20:26 OP: Receiving data sucessfull
02.05.19 11:20:26 Receiving code: 0x1
02.05.19 11:20:26 OP: Receiving data
02.05.19 11:20:26 OP: Receiving data sucessfull
02.05.19 11:20:26 Sending data: "C51,1,512,2,32,16,0.000000,10.000000,0"
02.05.19 11:20:26 OP: Sending data
02.05.19 11:20:26 OP: Sending data sucessfull
02.05.19 11:20:26 OP: Receiving data
02.05.19 11:20:26 OP: Receiving data sucessfull
02.05.19 11:20:26 Receiving code: 0x1
02.05.19 11:20:26 OP: Receiving data
02.05.19 11:20:26 OP: Receiving data sucessfull
02.05.19 11:20:26 Sending data: "C51,1,512,2,32,16,0.000000,10.000000,0"
02.05.19 11:20:26 OP: Sending data
02.05.19 11:20:26 OP: Sending data sucessfull
02.05.19 11:20:26 OP: Receiving data
02.05.19 11:20:26 OP: Receiving data sucessfull
02.05.19 11:20:26 Receiving code: 0x1
02.05.19 11:20:26 OP: Receiving data
02.05.19 11:20:26 OP: Receiving data sucessfull
02.05.19 11:20:26 Sending data: "C51,1,512,2,32,16,0.000000,10.000000,0"
02.05.19 11:20:26 OP: Sending data
02.05.19 11:20:26 OP: Sending data sucessfull
02.05.19 11:20:26 OP: Receiving data
02.05.19 11:20:26 OP: Receiving data sucessfull
02.05.19 11:20:26 Receiving code: 0x1
02.05.19 11:20:26 OP: Receiving data
02.05.19 11:20:26 OP: Receiving data sucessfull
02.05.19 11:20:26 Sending data: "C51,1,512,2,32,16,0.000000,10.000000,0"
02.05.19 11:20:26 OP: Sending data
02.05.19 11:20:26 OP: Sending data sucessfull
02.05.19 11:20:26 OP: Receiving data
02.05.19 11:20:26 OP: Receiving data sucessfull
02.05.19 11:20:26 Receiving code: 0x1
02.05.19 11:20:26 OP: Receiving data
02.05.19 11:20:26 OP: Receiving data sucessfull
02.05.19 11:20:26 Sending data: "C51,1,512,2,32,16,0.000000,10.000000,0"
02.05.19 11:20:26 OP: Sending data
02.05.19 11:20:26 OP: Sending data sucessfull
02.05.19 11:20:26 OP: Receiving data
02.05.19 11:20:26 OP: Receiving data sucessfull
02.05.19 11:20:26 Receiving code: 0x1
02.05.19 11:20:26 OP: Receiving data
02.05.19 11:20:26 OP: Receiving data sucessfull
02.05.19 11:20:26 Sending data: "C51,1,512,2,32,16,0.000000,10.000000,0"
02.05.19 11:20:26 OP: Sending data
02.05.19 11:20:26 OP: Sending data sucessfull
02.05.19 11:20:26 OP: Receiving data
02.05.19 11:20:26 OP: Receiving data sucessfull
02.05.19 11:20:26 Receiving code: 0x1
02.05.19 11:20:26 OP: Receiving data
02.05.19 11:20:26 OP: Receiving data sucessfull
02.05.19 11:20:26 Sending data: "C51,1,512,2,32,16,0.000000,10.000000,0"
02.05.19 11:20:26 OP: Sending data
02.05.19 11:20:26 OP: Sending data sucessfull
02.05.19 11:20:26 OP: Receiving data
02.05.19 11:20:26 OP: Receiving data sucessfull
02.05.19 11:20:26 Receiving code: 0x1
02.05.19 11:20:26 OP: Receiving data
02.05.19 11:20:26 OP: Receiving data sucessfull
02.05.19 11:20:26 Sending data: "C51,1,512,2,32,16,0.000000,10.000000,0"
02.05.19 11:20:26 OP: Sending data
02.05.19 11:20:26 OP: Sending data sucessfull
02.05.19 11:20:26 OP: Receiving data
02.05.19 11:20:26 OP: Receiving data sucessfull
02.05.19 11:20:26 Receiving code: 0x1
02.05.19 11:20:26 OP: Receiving data
02.05.19 11:20:26 OP: Receiving data sucessfull
02.05.19 11:20:26 Sending data: "C51,1,512,2,32,16,0.000000,10.000000,0"
02.05.19 11:20:26 OP: Sending data
02.05.19 11:20:26 OP: Sending data sucessfull
02.05.19 11:20:26 OP: Receiving data
02.05.19 11:20:26 OP: Receiving data sucessfull
02.05.19 11:20:26 Receiving code: 0x1
02.05.19 11:20:26 OP: Receiving data
02.05.19 11:20:26 OP: Receiving data sucessfull
02.05.19 11:20:26 Sending data: "C51,1,512,2,32,16,0.000000,10.000000,0"
02.05.19 11:20:26 OP: Sending data
02.05.19 11:20:26 OP: Sending data sucessfull
02.05.19 11:20:26 OP: Receiving data
02.05.19 11:20:26 OP: Receiving data sucessfull
02.05.19 11:20:26 Receiving code: 0x1
02.05.19 11:20:26 OP: Receiving data
02.05.19 11:20:26 OP: Receiving data sucessfull
02.05.19 11:20:26 Sending data: "C51,1,512,2,32,16,0.000000,10.000000,0"
02.05.19 11:20:26 OP: Sending data
02.05.19 11:20:26 OP: Sending data sucessfull
02.05.19 11:20:26 OP: Receiving data
02.05.19 11:20:26 OP: Receiving data sucessfull
02.05.19 11:20:26 Receiving code: 0x1
02.05.19 11:20:26 OP: Receiving data
02.05.19 11:20:26 OP: Receiving data sucessfull
02.05.19 11:20:26 Sending data: "C51,1,512,2,32,16,0.000000,10.000000,0"
02.05.19 11:20:26 OP: Sending data
02.05.19 11:20:26 OP: Sending data sucessfull
02.05.19 11:20:26 OP: Receiving data
02.05.19 11:20:26 OP: Receiving data sucessfull
02.05.19 11:20:26 Receiving code: 0x1
02.05.19 11:20:26 OP: Receiving data
02.05.19 11:20:26 OP: Receiving data sucessfull
02.05.19 11:20:26 Sending data: "C51,1,512,2,32,16,0.000000,10.000000,0"
02.05.19 11:20:26 OP: Sending data
02.05.19 11:20:26 OP: Sending data sucessfull
02.05.19 11:20:26 OP: Receiving data
02.05.19 11:20:26 OP: Receiving data sucessfull
02.05.19 11:20:26 Receiving code: 0x1
02.05.19 11:20:26 OP: Receiving data
02.05.19 11:20:26 OP: Receiving data sucessfull
02.05.19 11:20:26 Sending data: "C51,1,512,2,32,16,0.000000,10.000000,0"
02.05.19 11:20:26 OP: Sending data
02.05.19 11:20:26 OP: Sending data sucessfull
02.05.19 11:20:26 OP: Receiving data
02.05.19 11:20:26 OP: Receiving data sucessfull
02.05.19 11:20:26 Receiving code: 0x1
02.05.19 11:20:26 OP: Receiving data
02.05.19 11:20:26 OP: Receiving data sucessfull
02.05.19 11:20:26 Sending data: "C51,1,512,2,32,16,0.000000,10.000000,0"
02.05.19 11:20:26 OP: Sending data
02.05.19 11:20:26 OP: Sending data sucessfull
02.05.19 11:20:26 OP: Receiving data
02.05.19 11:20:26 OP: Receiving data sucessfull
02.05.19 11:20:26 Receiving code: 0x1
02.05.19 11:20:26 OP: Receiving data
02.05.19 11:20:26 OP: Receiving data sucessfull
02.05.19 11:20:26 Sending data: "C51,1,512,2,32,16,0.000000,10.000000,0"
02.05.19 11:20:26 OP: Sending data
02.05.19 11:20:26 OP: Sending data sucessfull
02.05.19 11:20:26 OP: Receiving data
02.05.19 11:20:26 OP: Receiving data sucessfull
02.05.19 11:20:26 Receiving code: 0x1
02.05.19 11:20:26 OP: Receiving data
02.05.19 11:20:26 OP: Receiving data sucessfull
02.05.19 11:20:26 Sending data: "C51,1,512,2,32,16,0.000000,10.000000,0"
02.05.19 11:20:26 OP: Sending data
02.05.19 11:20:26 OP: Sending data sucessfull
02.05.19 11:20:26 OP: Receiving data
02.05.19 11:20:26 OP: Receiving data sucessfull
02.05.19 11:20:26 Receiving code: 0x1
02.05.19 11:20:26 OP: Receiving data
02.05.19 11:20:26 OP: Receiving data sucessfull
02.05.19 11:20:26 Sending data: "C51,1,512,2,32,16,0.000000,10.000000,0"
02.05.19 11:20:26 OP: Sending data
02.05.19 11:20:26 OP: Sending data sucessfull
02.05.19 11:20:26 OP: Receiving data
02.05.19 11:20:26 OP: Receiving data sucessfull
02.05.19 11:20:26 Receiving code: 0x1
02.05.19 11:20:26 OP: Receiving data
02.05.19 11:20:26 OP: Receiving data sucessfull
02.05.19 11:20:26 Sending data: "C51,1,512,2,32,16,0.000000,10.000000,0"
02.05.19 11:20:26 OP: Sending data
02.05.19 11:20:26 OP: Sending data sucessfull
02.05.19 11:20:26 OP: Receiving data
02.05.19 11:20:26 OP: Receiving data sucessfull
02.05.19 11:20:26 Receiving code: 0x1
02.05.19 11:20:26 OP: Receiving data
02.05.19 11:20:26 OP: Receiving data sucessfull
02.05.19 11:20:26 Sending data: "C51,1,512,2,32,16,0.000000,10.000000,0"
02.05.19 11:20:26 OP: Sending data
02.05.19 11:20:26 OP: Sending data sucessfull
02.05.19 11:20:26 OP: Receiving data
02.05.19 11:20:26 OP: Receiving data sucessfull
02.05.19 11:20:26 Receiving code: 0x1
02.05.19 11:20:26 OP: Receiving data
02.05.19 11:20:26 OP: Receiving data sucessfull
02.05.19 11:20:27 Sending data: "C51,1,512,2,32,16,0.000000,10.000000,0"
02.05.19 11:20:27 OP: Sending data
02.05.19 11:20:27 OP: Sending data sucessfull
02.05.19 11:20:27 OP: Receiving data
02.05.19 11:20:27 OP: Receiving data sucessfull
02.05.19 11:20:27 Receiving code: 0x1
02.05.19 11:20:27 OP: Receiving data
02.05.19 11:20:27 OP: Receiving data sucessfull
02.05.19 11:20:27 Sending data: "C51,1,512,2,32,16,0.000000,10.000000,0"
02.05.19 11:20:27 OP: Sending data
02.05.19 11:20:27 OP: Sending data sucessfull
02.05.19 11:20:27 OP: Receiving data
02.05.19 11:20:27 OP: Receiving data sucessfull
02.05.19 11:20:27 Receiving code: 0x1
02.05.19 11:20:27 OP: Receiving data
02.05.19 11:20:27 OP: Receiving data sucessfull
02.05.19 11:20:27 Sending data: "C51,1,512,2,32,16,0.000000,10.000000,0"
02.05.19 11:20:27 OP: Sending data
02.05.19 11:20:27 OP: Sending data sucessfull
02.05.19 11:20:27 OP: Receiving data
02.05.19 11:20:27 OP: Receiving data sucessfull
02.05.19 11:20:27 Receiving code: 0x1
02.05.19 11:20:27 OP: Receiving data
02.05.19 11:20:27 OP: Receiving data sucessfull
02.05.19 11:20:27 Sending data: "C51,1,512,2,32,16,0.000000,10.000000,0"
02.05.19 11:20:27 OP: Sending data
02.05.19 11:20:27 OP: Sending data sucessfull
02.05.19 11:20:27 OP: Receiving data
02.05.19 11:20:27 OP: Receiving data sucessfull
02.05.19 11:20:27 Receiving code: 0x1
02.05.19 11:20:27 OP: Receiving data
02.05.19 11:20:27 OP: Receiving data sucessfull
02.05.19 11:20:27 Sending data: "C51,1,512,2,32,16,0.000000,10.000000,0"
02.05.19 11:20:27 OP: Sending data
02.05.19 11:20:27 OP: Sending data sucessfull
02.05.19 11:20:27 OP: Receiving data
02.05.19 11:20:27 OP: Receiving data sucessfull
02.05.19 11:20:27 Receiving code: 0x1
02.05.19 11:20:27 OP: Receiving data
02.05.19 11:20:27 OP: Receiving data sucessfull
02.05.19 11:20:27 Sending data: "C51,1,512,2,32,16,0.000000,10.000000,0"
02.05.19 11:20:27 OP: Sending data
02.05.19 11:20:27 OP: Sending data sucessfull
02.05.19 11:20:27 OP: Receiving data
02.05.19 11:20:27 OP: Receiving data sucessfull
02.05.19 11:20:27 Receiving code: 0x1
02.05.19 11:20:27 OP: Receiving data
02.05.19 11:20:27 OP: Receiving data sucessfull
02.05.19 11:20:27 Sending data: "C51,1,512,2,32,16,0.000000,10.000000,0"
02.05.19 11:20:27 OP: Sending data
02.05.19 11:20:27 OP: Sending data sucessfull
02.05.19 11:20:27 OP: Receiving data
02.05.19 11:20:27 OP: Receiving data sucessfull
02.05.19 11:20:27 Receiving code: 0x1
02.05.19 11:20:27 OP: Receiving data
02.05.19 11:20:27 OP: Receiving data sucessfull
02.05.19 11:20:27 Sending data: "C51,1,512,2,32,16,0.000000,10.000000,0"
02.05.19 11:20:27 OP: Sending data
02.05.19 11:20:27 OP: Sending data sucessfull
02.05.19 11:20:27 OP: Receiving data
02.05.19 11:20:27 OP: Receiving data sucessfull
02.05.19 11:20:27 Receiving code: 0x1
02.05.19 11:20:27 OP: Receiving data
02.05.19 11:20:27 OP: Receiving data sucessfull
02.05.19 11:20:27 Sending data: "C51,1,512,2,32,16,0.000000,10.000000,0"
02.05.19 11:20:27 OP: Sending data
02.05.19 11:20:27 OP: Sending data sucessfull
02.05.19 11:20:27 OP: Receiving data
02.05.19 11:20:27 OP: Receiving data sucessfull
02.05.19 11:20:27 Receiving code: 0x1
02.05.19 11:20:27 OP: Receiving data
02.05.19 11:20:27 OP: Receiving data sucessfull
02.05.19 11:20:27 Sending data: "C51,1,512,2,32,16,0.000000,10.000000,0"
02.05.19 11:20:27 OP: Sending data
02.05.19 11:20:27 OP: Sending data sucessfull
02.05.19 11:20:27 OP: Receiving data
02.05.19 11:20:27 OP: Receiving data sucessfull
02.05.19 11:20:27 Receiving code: 0x1
02.05.19 11:20:27 OP: Receiving data
02.05.19 11:20:27 OP: Receiving data sucessfull
02.05.19 11:20:27 Sending data: "C51,1,512,2,32,16,0.000000,10.000000,0"
02.05.19 11:20:27 OP: Sending data
02.05.19 11:20:27 OP: Sending data sucessfull
02.05.19 11:20:27 OP: Receiving data
02.05.19 11:20:27 OP: Receiving data sucessfull
02.05.19 11:20:27 Receiving code: 0x1
02.05.19 11:20:27 OP: Receiving data
02.05.19 11:20:27 OP: Receiving data sucessfull
02.05.19 11:20:27 Sending data: "C51,1,512,2,32,16,0.000000,10.000000,0"
02.05.19 11:20:27 OP: Sending data
02.05.19 11:20:27 OP: Sending data sucessfull
02.05.19 11:20:27 OP: Receiving data
02.05.19 11:20:27 OP: Receiving data sucessfull
02.05.19 11:20:27 Receiving code: 0x1
02.05.19 11:20:27 OP: Receiving data
02.05.19 11:20:27 OP: Receiving data sucessfull
02.05.19 11:20:27 Sending data: "C51,1,512,2,32,16,0.000000,10.000000,0"
02.05.19 11:20:27 OP: Sending data
02.05.19 11:20:27 OP: Sending data sucessfull
02.05.19 11:20:27 OP: Receiving data
02.05.19 11:20:27 OP: Receiving data sucessfull
02.05.19 11:20:27 Receiving code: 0x1
02.05.19 11:20:27 OP: Receiving data
02.05.19 11:20:27 OP: Receiving data sucessfull
02.05.19 11:20:27 Sending data: "C51,1,512,2,32,16,0.000000,10.000000,0"
02.05.19 11:20:27 OP: Sending data
02.05.19 11:20:27 OP: Sending data sucessfull
02.05.19 11:20:27 OP: Receiving data
02.05.19 11:20:27 OP: Receiving data sucessfull
02.05.19 11:20:27 Receiving code: 0x1
02.05.19 11:20:27 OP: Receiving data
02.05.19 11:20:27 OP: Receiving data sucessfull
02.05.19 11:20:27 Sending data: "C51,1,512,2,32,16,0.000000,10.000000,0"
02.05.19 11:20:27 OP: Sending data
02.05.19 11:20:27 OP: Sending data sucessfull
02.05.19 11:20:27 OP: Receiving data
02.05.19 11:20:27 OP: Receiving data sucessfull
02.05.19 11:20:27 Receiving code: 0x1
02.05.19 11:20:27 OP: Receiving data
02.05.19 11:20:27 OP: Receiving data sucessfull
02.05.19 11:20:27 Sending data: "C51,1,512,2,32,16,0.000000,10.000000,0"
02.05.19 11:20:27 OP: Sending data
02.05.19 11:20:27 OP: Sending data sucessfull
02.05.19 11:20:27 OP: Receiving data
02.05.19 11:20:27 OP: Receiving data sucessfull
02.05.19 11:20:27 Receiving code: 0x1
02.05.19 11:20:27 OP: Receiving data
02.05.19 11:20:27 OP: Receiving data sucessfull
02.05.19 11:20:27 Sending data: "C51,1,512,2,32,16,0.000000,10.000000,0"
02.05.19 11:20:27 OP: Sending data
02.05.19 11:20:27 OP: Sending data sucessfull
02.05.19 11:20:27 OP: Receiving data
02.05.19 11:20:27 OP: Receiving data sucessfull
02.05.19 11:20:27 Receiving code: 0x1
02.05.19 11:20:27 OP: Receiving data
02.05.19 11:20:27 OP: Receiving data sucessfull
02.05.19 11:20:27 Sending data: "C51,1,512,2,32,16,0.000000,10.000000,0"
02.05.19 11:20:27 OP: Sending data
02.05.19 11:20:27 OP: Sending data sucessfull
02.05.19 11:20:27 OP: Receiving data
02.05.19 11:20:27 OP: Receiving data sucessfull
02.05.19 11:20:27 Receiving code: 0x1
02.05.19 11:20:27 OP: Receiving data
02.05.19 11:20:27 OP: Receiving data sucessfull
02.05.19 11:20:27 Sending data: "C51,1,512,2,32,16,0.000000,10.000000,0"
02.05.19 11:20:27 OP: Sending data
02.05.19 11:20:27 OP: Sending data sucessfull
02.05.19 11:20:27 OP: Receiving data
02.05.19 11:20:27 OP: Receiving data sucessfull
02.05.19 11:20:27 Receiving code: 0x1
02.05.19 11:20:27 OP: Receiving data
02.05.19 11:20:27 OP: Receiving data sucessfull
02.05.19 11:20:27 Sending data: "C51,1,512,2,32,16,0.000000,10.000000,0"
02.05.19 11:20:27 OP: Sending data
02.05.19 11:20:27 OP: Sending data sucessfull
02.05.19 11:20:27 OP: Receiving data
02.05.19 11:20:27 OP: Receiving data sucessfull
02.05.19 11:20:27 Receiving code: 0x1
02.05.19 11:20:27 OP: Receiving data
02.05.19 11:20:27 OP: Receiving data sucessfull
02.05.19 11:20:27 Sending data: "C51,1,512,2,32,16,0.000000,10.000000,0"
02.05.19 11:20:27 OP: Sending data
02.05.19 11:20:27 OP: Sending data sucessfull
02.05.19 11:20:27 OP: Receiving data
02.05.19 11:20:27 OP: Receiving data sucessfull
02.05.19 11:20:27 Receiving code: 0x1
02.05.19 11:20:27 OP: Receiving data
02.05.19 11:20:27 OP: Receiving data sucessfull
02.05.19 11:20:27 Sending data: "C51,1,512,2,32,16,0.000000,10.000000,0"
02.05.19 11:20:27 OP: Sending data
02.05.19 11:20:27 OP: Sending data sucessfull
02.05.19 11:20:27 OP: Receiving data
02.05.19 11:20:27 OP: Receiving data sucessfull
02.05.19 11:20:27 Receiving code: 0x1
02.05.19 11:20:27 OP: Receiving data
02.05.19 11:20:27 OP: Receiving data sucessfull
02.05.19 11:20:27 Sending data: "C51,1,512,2,32,16,0.000000,10.000000,0"
02.05.19 11:20:27 OP: Sending data
02.05.19 11:20:27 OP: Sending data sucessfull
02.05.19 11:20:27 OP: Receiving data
02.05.19 11:20:27 OP: Receiving data sucessfull
02.05.19 11:20:27 Receiving code: 0x1
02.05.19 11:20:27 OP: Receiving data
02.05.19 11:20:27 OP: Receiving data sucessfull
02.05.19 11:20:27 Sending data: "C51,1,512,2,32,16,0.000000,10.000000,0"
02.05.19 11:20:27 OP: Sending data
02.05.19 11:20:27 OP: Sending data sucessfull
02.05.19 11:20:27 OP: Receiving data
02.05.19 11:20:27 OP: Receiving data sucessfull
02.05.19 11:20:27 Receiving code: 0x1
02.05.19 11:20:27 OP: Receiving data
02.05.19 11:20:27 OP: Receiving data sucessfull
02.05.19 11:20:27 Sending data: "C51,1,512,2,32,16,0.000000,10.000000,0"
02.05.19 11:20:27 OP: Sending data
02.05.19 11:20:27 OP: Sending data sucessfull
02.05.19 11:20:27 OP: Receiving data
02.05.19 11:20:27 OP: Receiving data sucessfull
02.05.19 11:20:27 Receiving code: 0x1
02.05.19 11:20:27 OP: Receiving data
02.05.19 11:20:27 OP: Receiving data sucessfull
02.05.19 11:20:27 Sending data: "C51,1,512,2,32,16,0.000000,10.000000,0"
02.05.19 11:20:27 OP: Sending data
02.05.19 11:20:27 OP: Sending data sucessfull
02.05.19 11:20:27 OP: Receiving data
02.05.19 11:20:27 OP: Receiving data sucessfull
02.05.19 11:20:27 Receiving code: 0x1
02.05.19 11:20:27 OP: Receiving data
02.05.19 11:20:27 OP: Receiving data sucessfull
02.05.19 11:20:27 Sending data: "C51,1,512,2,32,16,0.000000,10.000000,0"
02.05.19 11:20:27 OP: Sending data
02.05.19 11:20:27 OP: Sending data sucessfull
02.05.19 11:20:27 OP: Receiving data
02.05.19 11:20:27 OP: Receiving data sucessfull
02.05.19 11:20:27 Receiving code: 0x1
02.05.19 11:20:27 OP: Receiving data
02.05.19 11:20:27 OP: Receiving data sucessfull
02.05.19 11:20:27 Sending data: "C51,1,512,2,32,16,0.000000,10.000000,0"
02.05.19 11:20:27 OP: Sending data
02.05.19 11:20:27 OP: Sending data sucessfull
02.05.19 11:20:27 OP: Receiving data
02.05.19 11:20:27 OP: Receiving data sucessfull
02.05.19 11:20:27 Receiving code: 0x1
02.05.19 11:20:27 OP: Receiving data
02.05.19 11:20:27 OP: Receiving data sucessfull
02.05.19 11:20:27 Sending data: "C51,1,512,2,32,16,0.000000,10.000000,0"
02.05.19 11:20:27 OP: Sending data
02.05.19 11:20:27 OP: Sending data sucessfull
02.05.19 11:20:27 OP: Receiving data
02.05.19 11:20:27 OP: Receiving data sucessfull
02.05.19 11:20:27 Receiving code: 0x1
02.05.19 11:20:27 OP: Receiving data
02.05.19 11:20:27 OP: Receiving data sucessfull
02.05.19 11:20:27 Sending data: "C51,1,512,2,32,16,0.000000,10.000000,0"
02.05.19 11:20:27 OP: Sending data
02.05.19 11:20:27 OP: Sending data sucessfull
02.05.19 11:20:27 OP: Receiving data
02.05.19 11:20:27 OP: Receiving data sucessfull
02.05.19 11:20:27 Receiving code: 0x1
02.05.19 11:20:27 OP: Receiving data
02.05.19 11:20:27 OP: Receiving data sucessfull
02.05.19 11:20:27 Sending data: "C51,1,512,2,32,16,0.000000,10.000000,0"
02.05.19 11:20:27 OP: Sending data
02.05.19 11:20:27 OP: Sending data sucessfull
02.05.19 11:20:27 OP: Receiving data
02.05.19 11:20:27 OP: Receiving data sucessfull
02.05.19 11:20:27 Receiving code: 0x1
02.05.19 11:20:27 OP: Receiving data
02.05.19 11:20:27 OP: Receiving data sucessfull
02.05.19 11:20:27 Sending data: "C51,1,512,2,32,16,0.000000,10.000000,0"
02.05.19 11:20:27 OP: Sending data
02.05.19 11:20:27 OP: Sending data sucessfull
02.05.19 11:20:27 OP: Receiving data
02.05.19 11:20:27 OP: Receiving data sucessfull
02.05.19 11:20:27 Receiving code: 0x1
02.05.19 11:20:27 OP: Receiving data
02.05.19 11:20:27 OP: Receiving data sucessfull
02.05.19 11:20:28 Sending data: "C51,1,512,2,32,16,0.000000,10.000000,0"
02.05.19 11:20:28 OP: Sending data
02.05.19 11:20:28 OP: Sending data sucessfull
02.05.19 11:20:28 OP: Receiving data
02.05.19 11:20:28 OP: Receiving data sucessfull
02.05.19 11:20:28 Receiving code: 0x1
02.05.19 11:20:28 OP: Receiving data
02.05.19 11:20:28 OP: Receiving data sucessfull
02.05.19 11:20:28 Sending data: "C51,1,512,2,32,16,0.000000,10.000000,0"
02.05.19 11:20:28 OP: Sending data
02.05.19 11:20:28 OP: Sending data sucessfull
02.05.19 11:20:28 OP: Receiving data
02.05.19 11:20:28 OP: Receiving data sucessfull
02.05.19 11:20:28 Receiving code: 0x1
02.05.19 11:20:28 OP: Receiving data
02.05.19 11:20:28 OP: Receiving data sucessfull
02.05.19 11:20:28 Sending data: "C51,1,512,2,32,16,0.000000,10.000000,0"
02.05.19 11:20:28 OP: Sending data
02.05.19 11:20:28 OP: Sending data sucessfull
02.05.19 11:20:28 OP: Receiving data
02.05.19 11:20:28 OP: Receiving data sucessfull
02.05.19 11:20:28 Receiving code: 0x1
02.05.19 11:20:28 OP: Receiving data
02.05.19 11:20:28 OP: Receiving data sucessfull
02.05.19 11:20:28 Sending data: "C51,1,512,2,32,16,0.000000,10.000000,0"
02.05.19 11:20:28 OP: Sending data
02.05.19 11:20:28 OP: Sending data sucessfull
02.05.19 11:20:28 OP: Receiving data
02.05.19 11:20:28 OP: Receiving data sucessfull
02.05.19 11:20:28 Receiving code: 0x1
02.05.19 11:20:28 OP: Receiving data
02.05.19 11:20:28 OP: Receiving data sucessfull
02.05.19 11:20:28 Sending data: "C51,1,512,2,32,16,0.000000,10.000000,0"
02.05.19 11:20:28 OP: Sending data
02.05.19 11:20:28 OP: Sending data sucessfull
02.05.19 11:20:28 OP: Receiving data
02.05.19 11:20:28 OP: Receiving data sucessfull
02.05.19 11:20:28 Receiving code: 0x1
02.05.19 11:20:28 OP: Receiving data
02.05.19 11:20:28 OP: Receiving data sucessfull
02.05.19 11:20:28 Sending data: "C51,1,512,2,32,16,0.000000,10.000000,0"
02.05.19 11:20:28 OP: Sending data
02.05.19 11:20:28 OP: Sending data sucessfull
02.05.19 11:20:28 OP: Receiving data
02.05.19 11:20:28 OP: Receiving data sucessfull
02.05.19 11:20:28 Receiving code: 0x1
02.05.19 11:20:28 OP: Receiving data
02.05.19 11:20:28 OP: Receiving data sucessfull
02.05.19 11:20:28 Sending data: "C51,1,512,2,32,16,0.000000,10.000000,0"
02.05.19 11:20:28 OP: Sending data
02.05.19 11:20:28 OP: Sending data sucessfull
02.05.19 11:20:28 OP: Receiving data
02.05.19 11:20:28 OP: Receiving data sucessfull
02.05.19 11:20:28 Receiving code: 0x1
02.05.19 11:20:28 OP: Receiving data
02.05.19 11:20:28 OP: Receiving data sucessfull
02.05.19 11:20:28 Sending data: "C51,1,512,2,32,16,0.000000,10.000000,0"
02.05.19 11:20:28 OP: Sending data
02.05.19 11:20:28 OP: Sending data sucessfull
02.05.19 11:20:28 OP: Receiving data
02.05.19 11:20:28 OP: Receiving data sucessfull
02.05.19 11:20:28 Receiving code: 0x1
02.05.19 11:20:28 OP: Receiving data
02.05.19 11:20:28 OP: Receiving data sucessfull
02.05.19 11:20:28 Sending data: "C51,1,512,2,32,16,0.000000,10.000000,0"
02.05.19 11:20:28 OP: Sending data
02.05.19 11:20:28 OP: Sending data sucessfull
02.05.19 11:20:28 OP: Receiving data
02.05.19 11:20:28 OP: Receiving data sucessfull
02.05.19 11:20:28 Receiving code: 0x1
02.05.19 11:20:28 OP: Receiving data
02.05.19 11:20:28 OP: Receiving data sucessfull
02.05.19 11:20:28 Sending data: "C51,1,512,2,32,16,0.000000,10.000000,0"
02.05.19 11:20:28 OP: Sending data
02.05.19 11:20:28 OP: Sending data sucessfull
02.05.19 11:20:28 OP: Receiving data
02.05.19 11:20:28 OP: Receiving data sucessfull
02.05.19 11:20:28 Receiving code: 0x1
02.05.19 11:20:28 OP: Receiving data
02.05.19 11:20:28 OP: Receiving data sucessfull
02.05.19 11:20:28 Sending data: "C51,1,512,2,32,16,0.000000,10.000000,0"
02.05.19 11:20:28 OP: Sending data
02.05.19 11:20:28 OP: Sending data sucessfull
02.05.19 11:20:28 OP: Receiving data
02.05.19 11:20:28 OP: Receiving data sucessfull
02.05.19 11:20:28 Receiving code: 0x1
02.05.19 11:20:28 OP: Receiving data
02.05.19 11:20:28 OP: Receiving data sucessfull
02.05.19 11:20:28 Sending data: "C51,1,512,2,32,16,0.000000,10.000000,0"
02.05.19 11:20:28 OP: Sending data
02.05.19 11:20:28 OP: Sending data sucessfull
02.05.19 11:20:28 OP: Receiving data
02.05.19 11:20:28 OP: Receiving data sucessfull
02.05.19 11:20:28 Receiving code: 0x1
02.05.19 11:20:28 OP: Receiving data
02.05.19 11:20:28 OP: Receiving data sucessfull
02.05.19 11:20:28 Sending data: "C51,1,512,2,32,16,0.000000,10.000000,0"
02.05.19 11:20:28 OP: Sending data
02.05.19 11:20:28 OP: Sending data sucessfull
02.05.19 11:20:28 OP: Receiving data
02.05.19 11:20:28 OP: Receiving data sucessfull
02.05.19 11:20:28 Receiving code: 0x1
02.05.19 11:20:28 OP: Receiving data
02.05.19 11:20:28 OP: Receiving data sucessfull
02.05.19 11:20:28 Sending data: "C51,1,512,2,32,16,0.000000,10.000000,0"
02.05.19 11:20:28 OP: Sending data
02.05.19 11:20:28 OP: Sending data sucessfull
02.05.19 11:20:28 OP: Receiving data
02.05.19 11:20:28 OP: Receiving data sucessfull
02.05.19 11:20:28 Receiving code: 0x1
02.05.19 11:20:28 OP: Receiving data
02.05.19 11:20:28 OP: Receiving data sucessfull
02.05.19 11:20:28 Sending data: "C51,1,512,2,32,16,0.000000,10.000000,0"
02.05.19 11:20:28 OP: Sending data
02.05.19 11:20:28 OP: Sending data sucessfull
02.05.19 11:20:28 OP: Receiving data
02.05.19 11:20:28 OP: Receiving data sucessfull
02.05.19 11:20:28 Receiving code: 0x1
02.05.19 11:20:28 OP: Receiving data
02.05.19 11:20:28 OP: Receiving data sucessfull
02.05.19 11:20:28 Sending data: "C51,1,512,2,32,16,0.000000,10.000000,0"
02.05.19 11:20:28 OP: Sending data
02.05.19 11:20:28 OP: Sending data sucessfull
02.05.19 11:20:28 OP: Receiving data
02.05.19 11:20:28 OP: Receiving data sucessfull
02.05.19 11:20:28 Receiving code: 0x1
02.05.19 11:20:28 OP: Receiving data
02.05.19 11:20:28 OP: Receiving data sucessfull
02.05.19 11:20:28 Sending data: "C51,1,512,2,32,16,0.000000,10.000000,0"
02.05.19 11:20:28 OP: Sending data
02.05.19 11:20:28 OP: Sending data sucessfull
02.05.19 11:20:28 OP: Receiving data
02.05.19 11:20:28 OP: Receiving data sucessfull
02.05.19 11:20:28 Receiving code: 0x1
02.05.19 11:20:28 OP: Receiving data
02.05.19 11:20:28 OP: Receiving data sucessfull
02.05.19 11:20:28 Sending data: "C51,1,512,2,32,16,0.000000,10.000000,0"
02.05.19 11:20:28 OP: Sending data
02.05.19 11:20:28 OP: Sending data sucessfull
02.05.19 11:20:28 OP: Receiving data
02.05.19 11:20:28 OP: Receiving data sucessfull
02.05.19 11:20:28 Receiving code: 0x1
02.05.19 11:20:28 OP: Receiving data
02.05.19 11:20:28 OP: Receiving data sucessfull
02.05.19 11:20:28 Sending data: "C51,1,512,2,32,16,0.000000,10.000000,0"
02.05.19 11:20:28 OP: Sending data
02.05.19 11:20:28 OP: Sending data sucessfull
02.05.19 11:20:28 OP: Receiving data
02.05.19 11:20:28 OP: Receiving data sucessfull
02.05.19 11:20:28 Receiving code: 0x1
02.05.19 11:20:28 OP: Receiving data
02.05.19 11:20:28 OP: Receiving data sucessfull
02.05.19 11:20:28 Sending data: "C51,1,512,2,32,16,0.000000,10.000000,0"
02.05.19 11:20:28 OP: Sending data
02.05.19 11:20:28 OP: Sending data sucessfull
02.05.19 11:20:28 OP: Receiving data
02.05.19 11:20:28 OP: Receiving data sucessfull
02.05.19 11:20:28 Receiving code: 0x1
02.05.19 11:20:28 OP: Receiving data
02.05.19 11:20:28 OP: Receiving data sucessfull
02.05.19 11:20:28 Sending data: "C51,1,512,2,32,16,0.000000,10.000000,0"
02.05.19 11:20:28 OP: Sending data
02.05.19 11:20:28 OP: Sending data sucessfull
02.05.19 11:20:28 OP: Receiving data
02.05.19 11:20:28 OP: Receiving data sucessfull
02.05.19 11:20:28 Receiving code: 0x1
02.05.19 11:20:28 OP: Receiving data
02.05.19 11:20:28 OP: Receiving data sucessfull
02.05.19 11:20:28 Sending data: "C51,1,512,2,32,16,0.000000,10.000000,0"
02.05.19 11:20:28 OP: Sending data
02.05.19 11:20:28 OP: Sending data sucessfull
02.05.19 11:20:28 OP: Receiving data
02.05.19 11:20:28 OP: Receiving data sucessfull
02.05.19 11:20:28 Receiving code: 0x1
02.05.19 11:20:28 OP: Receiving data
02.05.19 11:20:28 OP: Receiving data sucessfull
02.05.19 11:20:28 Sending data: "C51,1,512,2,32,16,0.000000,10.000000,0"
02.05.19 11:20:28 OP: Sending data
02.05.19 11:20:28 OP: Sending data sucessfull
02.05.19 11:20:28 OP: Receiving data
02.05.19 11:20:28 OP: Receiving data sucessfull
02.05.19 11:20:28 Receiving code: 0x1
02.05.19 11:20:28 OP: Receiving data
02.05.19 11:20:28 OP: Receiving data sucessfull
02.05.19 11:20:28 Sending data: "C51,1,512,2,32,16,0.000000,10.000000,0"
02.05.19 11:20:28 OP: Sending data
02.05.19 11:20:28 OP: Sending data sucessfull
02.05.19 11:20:28 OP: Receiving data
02.05.19 11:20:28 OP: Receiving data sucessfull
02.05.19 11:20:28 Receiving code: 0x1
02.05.19 11:20:28 OP: Receiving data
02.05.19 11:20:28 OP: Receiving data sucessfull
02.05.19 11:20:28 Sending data: "C51,1,512,2,32,16,0.000000,10.000000,0"
02.05.19 11:20:28 OP: Sending data
02.05.19 11:20:28 OP: Sending data sucessfull
02.05.19 11:20:28 OP: Receiving data
02.05.19 11:20:28 OP: Receiving data sucessfull
02.05.19 11:20:28 Receiving code: 0x1
02.05.19 11:20:28 OP: Receiving data
02.05.19 11:20:28 OP: Receiving data sucessfull
02.05.19 11:20:28 Sending data: "C51,1,512,2,32,16,0.000000,10.000000,0"
02.05.19 11:20:28 OP: Sending data
02.05.19 11:20:28 OP: Sending data sucessfull
02.05.19 11:20:28 OP: Receiving data
02.05.19 11:20:28 OP: Receiving data sucessfull
02.05.19 11:20:28 Receiving code: 0x1
02.05.19 11:20:28 OP: Receiving data
02.05.19 11:20:28 OP: Receiving data sucessfull
02.05.19 11:20:28 Sending data: "C51,1,512,2,32,16,0.000000,10.000000,0"
02.05.19 11:20:28 OP: Sending data
02.05.19 11:20:28 OP: Sending data sucessfull
02.05.19 11:20:28 OP: Receiving data
02.05.19 11:20:28 OP: Receiving data sucessfull
02.05.19 11:20:28 Receiving code: 0x1
02.05.19 11:20:28 OP: Receiving data
02.05.19 11:20:28 OP: Receiving data sucessfull
02.05.19 11:20:28 Sending data: "C51,1,512,2,32,16,0.000000,10.000000,0"
02.05.19 11:20:28 OP: Sending data
02.05.19 11:20:28 OP: Sending data sucessfull
02.05.19 11:20:28 OP: Receiving data
02.05.19 11:20:28 OP: Receiving data sucessfull
02.05.19 11:20:28 Receiving code: 0x1
02.05.19 11:20:28 OP: Receiving data
02.05.19 11:20:28 OP: Receiving data sucessfull
02.05.19 11:20:28 Sending data: "C51,1,512,2,32,16,0.000000,10.000000,0"
02.05.19 11:20:28 OP: Sending data
02.05.19 11:20:28 OP: Sending data sucessfull
02.05.19 11:20:28 OP: Receiving data
02.05.19 11:20:28 OP: Receiving data sucessfull
02.05.19 11:20:28 Receiving code: 0x1
02.05.19 11:20:28 OP: Receiving data
02.05.19 11:20:28 OP: Receiving data sucessfull
02.05.19 11:20:28 Sending data: "C51,1,512,2,32,16,0.000000,10.000000,0"
02.05.19 11:20:28 OP: Sending data
02.05.19 11:20:28 OP: Sending data sucessfull
02.05.19 11:20:28 OP: Receiving data
02.05.19 11:20:28 OP: Receiving data sucessfull
02.05.19 11:20:28 Receiving code: 0x1
02.05.19 11:20:28 OP: Receiving data
02.05.19 11:20:28 OP: Receiving data sucessfull
02.05.19 11:20:28 Sending data: "C51,1,512,2,32,16,0.000000,10.000000,0"
02.05.19 11:20:28 OP: Sending data
02.05.19 11:20:28 OP: Sending data sucessfull
02.05.19 11:20:28 OP: Receiving data
02.05.19 11:20:28 OP: Receiving data sucessfull
02.05.19 11:20:28 Receiving code: 0x1
02.05.19 11:20:28 OP: Receiving data
02.05.19 11:20:28 OP: Receiving data sucessfull
02.05.19 11:20:28 Sending data: "C51,1,512,2,32,16,0.000000,10.000000,0"
02.05.19 11:20:28 OP: Sending data
02.05.19 11:20:28 OP: Sending data sucessfull
02.05.19 11:20:28 OP: Receiving data
02.05.19 11:20:28 OP: Receiving data sucessfull
02.05.19 11:20:28 Receiving code: 0x1
02.05.19 11:20:28 OP: Receiving data
02.05.19 11:20:28 OP: Receiving data sucessfull
02.05.19 11:20:29 Sending data: "C51,1,512,2,32,16,0.000000,10.000000,0"
02.05.19 11:20:29 OP: Sending data
02.05.19 11:20:29 OP: Sending data sucessfull
02.05.19 11:20:29 OP: Receiving data
02.05.19 11:20:29 OP: Receiving data sucessfull
02.05.19 11:20:29 Receiving code: 0x1
02.05.19 11:20:29 OP: Receiving data
02.05.19 11:20:29 OP: Receiving data sucessfull
02.05.19 11:20:29 Sending data: "C51,1,512,2,32,16,0.000000,10.000000,0"
02.05.19 11:20:29 OP: Sending data
02.05.19 11:20:29 OP: Sending data sucessfull
02.05.19 11:20:29 OP: Receiving data
02.05.19 11:20:29 OP: Receiving data sucessfull
02.05.19 11:20:29 Receiving code: 0x1
02.05.19 11:20:29 OP: Receiving data
02.05.19 11:20:29 OP: Receiving data sucessfull
02.05.19 11:20:29 Sending data: "C51,1,512,2,32,16,0.000000,10.000000,0"
02.05.19 11:20:29 OP: Sending data
02.05.19 11:20:29 OP: Sending data sucessfull
02.05.19 11:20:29 OP: Receiving data
02.05.19 11:20:29 OP: Receiving data sucessfull
02.05.19 11:20:29 Receiving code: 0x1
02.05.19 11:20:29 OP: Receiving data
02.05.19 11:20:29 OP: Receiving data sucessfull
02.05.19 11:20:29 Sending data: "C51,1,512,2,32,16,0.000000,10.000000,0"
02.05.19 11:20:29 OP: Sending data
02.05.19 11:20:29 OP: Sending data sucessfull
02.05.19 11:20:29 OP: Receiving data
02.05.19 11:20:29 OP: Receiving data sucessfull
02.05.19 11:20:29 Receiving code: 0x1
02.05.19 11:20:29 OP: Receiving data
02.05.19 11:20:29 OP: Receiving data sucessfull
02.05.19 11:20:29 Sending data: "C51,1,512,2,32,16,0.000000,10.000000,0"
02.05.19 11:20:29 OP: Sending data
02.05.19 11:20:29 OP: Sending data sucessfull
02.05.19 11:20:29 OP: Receiving data
02.05.19 11:20:29 OP: Receiving data sucessfull
02.05.19 11:20:29 Receiving code: 0x1
02.05.19 11:20:29 OP: Receiving data
02.05.19 11:20:29 OP: Receiving data sucessfull
02.05.19 11:20:29 Sending data: "C51,1,512,2,32,16,0.000000,10.000000,0"
02.05.19 11:20:29 OP: Sending data
02.05.19 11:20:29 OP: Sending data sucessfull
02.05.19 11:20:29 OP: Receiving data
02.05.19 11:20:29 OP: Receiving data sucessfull
02.05.19 11:20:29 Receiving code: 0x1
02.05.19 11:20:29 OP: Receiving data
02.05.19 11:20:29 OP: Receiving data sucessfull
02.05.19 11:20:29 Sending data: "C51,1,512,2,32,16,0.000000,10.000000,0"
02.05.19 11:20:29 OP: Sending data
02.05.19 11:20:29 OP: Sending data sucessfull
02.05.19 11:20:29 OP: Receiving data
02.05.19 11:20:29 OP: Receiving data sucessfull
02.05.19 11:20:29 Receiving code: 0x1
02.05.19 11:20:29 OP: Receiving data
02.05.19 11:20:29 OP: Receiving data sucessfull
02.05.19 11:20:29 Sending data: "C51,1,512,2,32,16,0.000000,10.000000,0"
02.05.19 11:20:29 OP: Sending data
02.05.19 11:20:29 OP: Sending data sucessfull
02.05.19 11:20:29 OP: Receiving data
02.05.19 11:20:29 OP: Receiving data sucessfull
02.05.19 11:20:29 Receiving code: 0x1
02.05.19 11:20:29 OP: Receiving data
02.05.19 11:20:29 OP: Receiving data sucessfull
02.05.19 11:20:29 Sending data: "C51,1,512,2,32,16,0.000000,10.000000,0"
02.05.19 11:20:29 OP: Sending data
02.05.19 11:20:29 OP: Sending data sucessfull
02.05.19 11:20:29 OP: Receiving data
02.05.19 11:20:29 OP: Receiving data sucessfull
02.05.19 11:20:29 Receiving code: 0x1
02.05.19 11:20:29 OP: Receiving data
02.05.19 11:20:29 OP: Receiving data sucessfull
02.05.19 11:20:29 Sending data: "C51,1,512,2,32,16,0.000000,10.000000,0"
02.05.19 11:20:29 OP: Sending data
02.05.19 11:20:29 OP: Sending data sucessfull
02.05.19 11:20:29 OP: Receiving data
02.05.19 11:20:29 OP: Receiving data sucessfull
02.05.19 11:20:29 Receiving code: 0x1
02.05.19 11:20:29 OP: Receiving data
02.05.19 11:20:29 OP: Receiving data sucessfull
02.05.19 11:20:29 Sending data: "C51,1,512,2,32,16,0.000000,10.000000,0"
02.05.19 11:20:29 OP: Sending data
02.05.19 11:20:29 OP: Sending data sucessfull
02.05.19 11:20:29 OP: Receiving data
02.05.19 11:20:29 OP: Receiving data sucessfull
02.05.19 11:20:29 Receiving code: 0x1
02.05.19 11:20:29 OP: Receiving data
02.05.19 11:20:29 OP: Receiving data sucessfull
02.05.19 11:20:29 Sending data: "C51,1,512,2,32,16,0.000000,10.000000,0"
02.05.19 11:20:29 OP: Sending data
02.05.19 11:20:29 OP: Sending data sucessfull
02.05.19 11:20:29 OP: Receiving data
02.05.19 11:20:29 OP: Receiving data sucessfull
02.05.19 11:20:29 Receiving code: 0x1
02.05.19 11:20:29 OP: Receiving data
02.05.19 11:20:29 OP: Receiving data sucessfull
02.05.19 11:20:29 Sending data: "C51,1,512,2,32,16,0.000000,10.000000,0"
02.05.19 11:20:29 OP: Sending data
02.05.19 11:20:29 OP: Sending data sucessfull
02.05.19 11:20:29 OP: Receiving data
02.05.19 11:20:29 OP: Receiving data sucessfull
02.05.19 11:20:29 Receiving code: 0x1
02.05.19 11:20:29 OP: Receiving data
02.05.19 11:20:29 OP: Receiving data sucessfull
02.05.19 11:20:29 Sending data: "C51,1,512,2,32,16,0.000000,10.000000,0"
02.05.19 11:20:29 OP: Sending data
02.05.19 11:20:29 OP: Sending data sucessfull
02.05.19 11:20:29 OP: Receiving data
02.05.19 11:20:29 OP: Receiving data sucessfull
02.05.19 11:20:29 Receiving code: 0x1
02.05.19 11:20:29 OP: Receiving data
02.05.19 11:20:29 OP: Receiving data sucessfull
02.05.19 11:20:29 Sending data: "C51,1,512,2,32,16,0.000000,10.000000,0"
02.05.19 11:20:29 OP: Sending data
02.05.19 11:20:29 OP: Sending data sucessfull
02.05.19 11:20:29 OP: Receiving data
02.05.19 11:20:29 OP: Receiving data sucessfull
02.05.19 11:20:29 Receiving code: 0x1
02.05.19 11:20:29 OP: Receiving data
02.05.19 11:20:29 OP: Receiving data sucessfull
02.05.19 11:20:29 Sending data: "C51,1,512,2,32,16,0.000000,10.000000,0"
02.05.19 11:20:29 OP: Sending data
02.05.19 11:20:29 OP: Sending data sucessfull
02.05.19 11:20:29 OP: Receiving data
02.05.19 11:20:29 OP: Receiving data sucessfull
02.05.19 11:20:29 Receiving code: 0x1
02.05.19 11:20:29 OP: Receiving data
02.05.19 11:20:29 OP: Receiving data sucessfull
02.05.19 11:20:29 Sending data: "C51,1,512,2,32,16,0.000000,10.000000,0"
02.05.19 11:20:29 OP: Sending data
02.05.19 11:20:29 OP: Sending data sucessfull
02.05.19 11:20:29 OP: Receiving data
02.05.19 11:20:29 OP: Receiving data sucessfull
02.05.19 11:20:29 Receiving code: 0x1
02.05.19 11:20:29 OP: Receiving data
02.05.19 11:20:29 OP: Receiving data sucessfull
02.05.19 11:20:29 Sending data: "C51,1,512,2,32,16,0.000000,10.000000,0"
02.05.19 11:20:29 OP: Sending data
02.05.19 11:20:29 OP: Sending data sucessfull
02.05.19 11:20:29 OP: Receiving data
02.05.19 11:20:29 OP: Receiving data sucessfull
02.05.19 11:20:29 Receiving code: 0x1
02.05.19 11:20:29 OP: Receiving data
02.05.19 11:20:29 OP: Receiving data sucessfull
02.05.19 11:20:29 Sending data: "C51,1,512,2,32,16,0.000000,10.000000,0"
02.05.19 11:20:29 OP: Sending data
02.05.19 11:20:29 OP: Sending data sucessfull
02.05.19 11:20:29 OP: Receiving data
02.05.19 11:20:29 OP: Receiving data sucessfull
02.05.19 11:20:29 Receiving code: 0x1
02.05.19 11:20:29 OP: Receiving data
02.05.19 11:20:29 OP: Receiving data sucessfull
02.05.19 11:20:29 Sending data: "C51,1,512,2,32,16,0.000000,10.000000,0"
02.05.19 11:20:29 OP: Sending data
02.05.19 11:20:29 OP: Sending data sucessfull
02.05.19 11:20:29 OP: Receiving data
02.05.19 11:20:29 OP: Receiving data sucessfull
02.05.19 11:20:29 Receiving code: 0x1
02.05.19 11:20:29 OP: Receiving data
02.05.19 11:20:29 OP: Receiving data sucessfull
02.05.19 11:20:29 Sending data: "C51,1,512,2,32,16,0.000000,10.000000,0"
02.05.19 11:20:29 OP: Sending data
02.05.19 11:20:29 OP: Sending data sucessfull
02.05.19 11:20:29 OP: Receiving data
02.05.19 11:20:29 OP: Receiving data sucessfull
02.05.19 11:20:29 Receiving code: 0x1
02.05.19 11:20:29 OP: Receiving data
02.05.19 11:20:29 OP: Receiving data sucessfull
02.05.19 11:20:29 Sending data: "C51,1,512,2,32,16,0.000000,10.000000,0"
02.05.19 11:20:29 OP: Sending data
02.05.19 11:20:29 OP: Sending data sucessfull
02.05.19 11:20:29 OP: Receiving data
02.05.19 11:20:29 OP: Receiving data sucessfull
02.05.19 11:20:29 Receiving code: 0x1
02.05.19 11:20:29 OP: Receiving data
02.05.19 11:20:29 OP: Receiving data sucessfull
02.05.19 11:20:29 Sending data: "C51,1,512,2,32,16,0.000000,10.000000,0"
02.05.19 11:20:29 OP: Sending data
02.05.19 11:20:29 OP: Sending data sucessfull
02.05.19 11:20:29 OP: Receiving data
02.05.19 11:20:29 OP: Receiving data sucessfull
02.05.19 11:20:29 Receiving code: 0x1
02.05.19 11:20:29 OP: Receiving data
02.05.19 11:20:29 OP: Receiving data sucessfull
02.05.19 11:20:29 Sending data: "C51,1,512,2,32,16,0.000000,10.000000,0"
02.05.19 11:20:29 OP: Sending data
02.05.19 11:20:29 OP: Sending data sucessfull
02.05.19 11:20:29 OP: Receiving data
02.05.19 11:20:29 OP: Receiving data sucessfull
02.05.19 11:20:29 Receiving code: 0x1
02.05.19 11:20:29 OP: Receiving data
02.05.19 11:20:29 OP: Receiving data sucessfull
02.05.19 11:20:29 Sending data: "C51,1,512,2,32,16,0.000000,10.000000,0"
02.05.19 11:20:29 OP: Sending data
02.05.19 11:20:29 OP: Sending data sucessfull
02.05.19 11:20:29 OP: Receiving data
02.05.19 11:20:29 OP: Receiving data sucessfull
02.05.19 11:20:29 Receiving code: 0x1
02.05.19 11:20:29 OP: Receiving data
02.05.19 11:20:29 OP: Receiving data sucessfull
02.05.19 11:20:29 Sending data: "C51,1,512,2,32,16,0.000000,10.000000,0"
02.05.19 11:20:29 OP: Sending data
02.05.19 11:20:29 OP: Sending data sucessfull
02.05.19 11:20:29 OP: Receiving data
02.05.19 11:20:29 OP: Receiving data sucessfull
02.05.19 11:20:29 Receiving code: 0x1
02.05.19 11:20:29 OP: Receiving data
02.05.19 11:20:29 OP: Receiving data sucessfull
02.05.19 11:20:29 Sending data: "C51,1,512,2,32,16,0.000000,10.000000,0"
02.05.19 11:20:29 OP: Sending data
02.05.19 11:20:29 OP: Sending data sucessfull
02.05.19 11:20:29 OP: Receiving data
02.05.19 11:20:29 OP: Receiving data sucessfull
02.05.19 11:20:29 Receiving code: 0x1
02.05.19 11:20:29 OP: Receiving data
02.05.19 11:20:29 OP: Receiving data sucessfull
